Archive:  xbockaa00.zip
  inflating: ast.c                   
  inflating: ast.h                   
  inflating: Code_generator.c        
  inflating: Code_generator.h        
  inflating: dokumentace.pdf         
  inflating: error.c                 
  inflating: error.h                 
  inflating: lexical_analyser.c      
  inflating: lexical_analyser.h      
  inflating: main.c                  
  inflating: Makefile                
  inflating: newstring.c             
  inflating: newstring.h             
  inflating: rozdeleni               
  inflating: semantic.c              
  inflating: semantic.h              
  inflating: stack.c                 
  inflating: stack.h                 
  inflating: symtable.c              
  inflating: symtable.h              
  inflating: syntactic_analysis.c    
  inflating: syntactic_analysis.h    
gcc -std=c11 -Wall -Wextra -Werror -pedantic -g -c main.c -o main.o
gcc -std=c11 -Wall -Wextra -Werror -pedantic -g -c stack.c -o stack.o
gcc -std=c11 -Wall -Wextra -Werror -pedantic -g -c lexical_analyser.c -o lexical_analyser.o
gcc -std=c11 -Wall -Wextra -Werror -pedantic -g -c newstring.c -o newstring.o
gcc -std=c11 -Wall -Wextra -Werror -pedantic -g -c syntactic_analysis.c -o syntactic_analysis.o
gcc -std=c11 -Wall -Wextra -Werror -pedantic -g -c ast.c -o ast.o
gcc -std=c11 -Wall -Wextra -Werror -pedantic -g -c semantic.c -o semantic.o
gcc -std=c11 -Wall -Wextra -Werror -pedantic -g -c symtable.c -o symtable.o
gcc -std=c11 -Wall -Wextra -Werror -pedantic -g -c Code_generator.c -o Code_generator.o
gcc -std=c11 -Wall -Wextra -Werror -pedantic -g -c error.c -o error.o
gcc -std=c11 -Wall -Wextra -Werror -pedantic -g -o main main.o stack.o lexical_analyser.o newstring.o syntactic_analysis.o ast.o semantic.o symtable.o Code_generator.o error.o
